<?xml version="1.0" encoding="UTF-8"?>
<!-- Generated by org.testng.reporters.JUnitXMLReporter -->
<testsuite hostname="E0363753" ignored="0" name="Testcase2" tests="3" failures="0" timestamp="25 Jul 2018 12:25:05 GMT" time="15.651" errors="0">
  <testcase name="Testcase1" time="0.019" classname="com.khattab.maven.Testcases"/>
  <testcase name="Testcase2" time="3.001" classname="com.khattab.maven.Testcases"/>
  <testcase name="tt" time="0.004" classname="com.khattab.maven.Testcases"/>
</testsuite> <!-- Testcase2 -->
